[stocks-netinstitutesltd.com/index.html]
[backblue.gif]
[fade.gif]
[index.html]
[stocks-netinstitutesltd.com/wp-content/themes/stocknet/assets/img/favicon/apple-touch-icon.png]
[stocks-netinstitutesltd.com/wp-content/themes/stocknet/assets/img/favicon/favicon-32x32.png]
[stocks-netinstitutesltd.com/wp-content/themes/stocknet/assets/img/favicon/favicon-16x16.png]
[stocks-netinstitutesltd.com/wp-content/themes/stocknet/assets/img/favicon/site.html]
[stocks-netinstitutesltd.com/wp-content/themes/stocknet/favicon.ico]
[stocks-netinstitutesltd.com/use.typekit.net/nwx6adv.css]
[stocks-netinstitutesltd.com/wp-content/themes/stocknet/dist/css/main.minca2aca2a.css]
[stocks-netinstitutesltd.com/index-2.html]
[stocks-netinstitutesltd.com/wp-includes/js/mediaelement/mediaelementplayer-legacy.min1f611f61.css]
[stocks-netinstitutesltd.com/wp-includes/js/mediaelement/wp-mediaelement.min6a4d6a4d.css]
[stocks-netinstitutesltd.com/wp-content/plugins/woocommerce/packages/woocommerce-blocks/build/wc-blocks-vendors-style1da81da8.css]
[stocks-netinstitutesltd.com/wp-content/plugins/woocommerce/packages/woocommerce-blocks/build/wc-blocks-style1da81da8.css]
[stocks-netinstitutesltd.com/wp-includes/css/classic-themes.min68b368b3.css]
[stocks-netinstitutesltd.com/wp-content/plugins/woocommerce/assets/css/woocommerce-layoutcb57cb57.css]
[stocks-netinstitutesltd.com/wp-content/plugins/woocommerce/assets/css/woocommerce-smallscreencb57cb57.css]
[stocks-netinstitutesltd.com/wp-content/plugins/woocommerce/assets/css/woocommercecb57cb57.css]
[stocks-netinstitutesltd.com/wp-content/plugins/jetpack/css/jetpacke528e528.css]
[stocks-netinstitutesltd.com/wp-includes/js/jquery/jquery.mina7a0a7a0.js]
[stocks-netinstitutesltd.com/wp-includes/js/jquery/jquery-migrate.mind617d617.js]
[stocks-netinstitutesltd.com/wp-json/wp/v2/pages/2.json]
[stocks-netinstitutesltd.com/wp-json/index.html]
[stocks-netinstitutesltd.com/wp-includes/wlwmanifest.xml]
[stocks-netinstitutesltd.com/wp-json/oembed/1.0/embed05b105b1.json]
[stocks-netinstitutesltd.com/wp-content/uploads/2022/10/cropped-android-chrome-512x512-1-32x32.png]
[stocks-netinstitutesltd.com/wp-content/uploads/2022/10/cropped-android-chrome-512x512-1-192x192.png]
[stocks-netinstitutesltd.com/wp-content/uploads/2022/10/cropped-android-chrome-512x512-1-180x180.png]
[client.crisp.chat/l.js]
[stocks-netinstitutesltd.com/wp-content/uploads/2023/01/SiLogo.png]
[stocks-netinstitutesltd.com/programs/index.html]
[stocks-netinstitutesltd.com/programs/evolution/index.html]
[stocks-netinstitutesltd.com/about/index.html]
[stocks-netinstitutesltd.com/rules/index.html]
[stocks-netinstitutesltd.com/faq/index.html]
[stocks-netinstitutesltd.com/portal/register.html]
[stocks-netinstitutesltd.com/portal/login.html]
[stocks-netinstitutesltd.com/contact/index.html]
[stocks-netinstitutesltd.com/wp-content/themes/stocknet/assets/img/dots.svg]
[stocks-netinstitutesltd.com/wp-content/uploads/2022/09/devices-1.png]
[stocks-netinstitutesltd.com/wp-content/uploads/2022/08/icon1.png]
[stocks-netinstitutesltd.com/wp-content/uploads/2022/08/icon2.png]
[stocks-netinstitutesltd.com/wp-content/uploads/2022/08/icon3.png]
[stocks-netinstitutesltd.com/wp-content/uploads/2022/08/icon4.png]
[stocks-netinstitutesltd.com/wp-content/uploads/2022/08/app1.png]
[stocks-netinstitutesltd.com/wp-content/uploads/2022/08/app_hover1.png]
[stocks-netinstitutesltd.com/wp-content/uploads/2022/08/app2.png]
[stocks-netinstitutesltd.com/wp-content/uploads/2022/08/app_hover2.png]
[stocks-netinstitutesltd.com/wp-content/uploads/2022/08/app3.png]
[stocks-netinstitutesltd.com/wp-content/uploads/2022/08/app_hover3.png]
[stocks-netinstitutesltd.com/wp-content/uploads/2022/08/app4.png]
[stocks-netinstitutesltd.com/wp-content/uploads/2022/08/app_hover4.png]
[stocks-netinstitutesltd.com/wp-content/themes/stocknet/assets/img/trustpilot.svg]
[stocks-netinstitutesltd.com/wp-content/themes/stocknet/assets/img/stars.svg]
[stocks-netinstitutesltd.com/wp-content/uploads/2022/08/icons1.png]
[stocks-netinstitutesltd.com/wp-content/uploads/2022/08/icons2.png]
[stocks-netinstitutesltd.com/wp-content/uploads/2022/08/icons3.png]
[stocks-netinstitutesltd.com/wp-content/uploads/2022/08/icons4.png]
[stocks-netinstitutesltd.com/wp-content/plugins/gravityforms/images/spinner.svg]
[stocks-netinstitutesltd.com/careers/index.html]
[stocks-netinstitutesltd.com/terms-of-service/index.html]
[stocks-netinstitutesltd.com/privacy-policy/index.html]
[stocks-netinstitutesltd.com/risk-disclosure/index.html]
[stocks-netinstitutesltd.com/ajax.googleapis.com/ajax/libs/jquery/1.9.0/jquery.min.js]
[stocks-netinstitutesltd.com/cdn.jsdelivr.net/npm/slick-carousel@1.8.1/slick/slick.css]
[stocks-netinstitutesltd.com/cdn.jsdelivr.net/npm/slick-carousel@1.8.1/slick/slick.min.js]
[stocks-netinstitutesltd.com/wp-content/themes/stocknet/dist/js/waypoints.min.js]
[stocks-netinstitutesltd.com/wp-content/themes/stocknet/dist/js/global.minb168b168.js]
[stocks-netinstitutesltd.com/wp-content/plugins/woocommerce/assets/js/jquery-blockui/jquery.blockUI.min8bd88bd8.js]
[stocks-netinstitutesltd.com/wp-content/plugins/woocommerce/assets/js/frontend/add-to-cart.mincb57cb57.js]
[stocks-netinstitutesltd.com/wp-content/plugins/woocommerce/assets/js/js-cookie/js.cookie.min5f135f13.js]
[stocks-netinstitutesltd.com/wp-content/plugins/woocommerce/assets/js/frontend/woocommerce.mincb57cb57.js]
[stocks-netinstitutesltd.com/wp-content/plugins/woocommerce/assets/js/frontend/cart-fragments.mincb57cb57.js]
[stocks-netinstitutesltd.com/wp-content/plugins/klaviyo/inc/js/kl-identify-browser.js]
[stocks-netinstitutesltd.com/wp-includes/js/dist/vendor/regenerator-runtime.min39373937.js]
[stocks-netinstitutesltd.com/wp-includes/js/dist/vendor/wp-polyfill.min2c7c2c7c.js]
[stocks-netinstitutesltd.com/wp-includes/js/dist/dom-ready.minded6ded6.js]
[stocks-netinstitutesltd.com/wp-includes/js/dist/hooks.min6c656c65.js]
[stocks-netinstitutesltd.com/wp-includes/js/dist/i18n.mine57be57b.js]
[stocks-netinstitutesltd.com/wp-includes/js/dist/a11y.min65c765c7.js]
[stocks-netinstitutesltd.com/wp-content/plugins/gravityforms/js/jquery.json.min91ac91ac.js]
[stocks-netinstitutesltd.com/wp-content/plugins/gravityforms/js/gravityforms.min91ac91ac.js]
[stocks-netinstitutesltd.com/wp-content/plugins/gravityforms/js/placeholders.jquery.min91ac91ac.js]
[stocks-netinstitutesltd.com/index.html]
[stocks-netinstitutesltd.com/wp-content/themes/stocknet/assets/img/favicon/site.html]
[stocks-netinstitutesltd.com/index-2.html]
[static.klaviyo.com/index.html]
[stats.wp.com/index.html]
[stocks-netinstitutesltd.com/wp-json/index.html]
[stocks-netinstitutesltd.com/xmlrpc0db00db0.html]
[stocks-netinstitutesltd.com/wp-json/oembed/1.0/embedb82cb82c.html]
[stocks-netinstitutesltd.com/programs/index.html]
[stocks-netinstitutesltd.com/wp-json/wp/v2/pages/123.json]
[stocks-netinstitutesltd.com/indexb8c4b8c4.html]
[stocks-netinstitutesltd.com/wp-json/oembed/1.0/embedb65cb65c.json]
[stocks-netinstitutesltd.com/cart/index.html]
[stocks-netinstitutesltd.com/wp-includes/js/underscore.mind584d584.js]
[stocks-netinstitutesltd.com/wp-includes/js/wp-util.min6a4d6a4d.js]
[stocks-netinstitutesltd.com/wp-content/plugins/woocommerce/assets/js/frontend/add-to-cart-variation.mincb57cb57.js]
[stocks-netinstitutesltd.com/programs/evolution/index.html]
[stocks-netinstitutesltd.com/wp-json/wp/v2/pages/100.json]
[stocks-netinstitutesltd.com/index3f5a3f5a.html]
[stocks-netinstitutesltd.com/wp-json/oembed/1.0/embede603e603.json]
[stocks-netinstitutesltd.com/about/index.html]
[stocks-netinstitutesltd.com/wp-json/wp/v2/pages/4312.json]
[stocks-netinstitutesltd.com/index528a528a.html]
[stocks-netinstitutesltd.com/wp-json/oembed/1.0/embed53775377.json]
[stocks-netinstitutesltd.com/rules/index.html]
[stocks-netinstitutesltd.com/wp-json/wp/v2/pages/102.json]
[stocks-netinstitutesltd.com/indexc5ebc5eb.html]
[stocks-netinstitutesltd.com/wp-json/oembed/1.0/embedcedecede.json]
[stocks-netinstitutesltd.com/faq/index.html]
[stocks-netinstitutesltd.com/programs/quickstart/index.html]
[stocks-netinstitutesltd.com/portal/storage/app/public/photos/a3VXudcropped-android-chrome-512x512-1-32x32.png1672930221]
[stocks-netinstitutesltd.com/portal/temp/css/bootstrap.min.css]
[stocks-netinstitutesltd.com/portal/temp/css/line.css]
[stocks-netinstitutesltd.com/portal/temp/css/materialdesignicons.min.css]
[www.google.com/recaptcha/api.js]
[stocks-netinstitutesltd.com/portal/temp/css/style.css]
[stocks-netinstitutesltd.com/portal/temp/css/colors/default.css]
[www.w3schools.com/w3css/4/w3.css]
[stocks-netinstitutesltd.com/portal/storage/app/public/photos/a3VXudcropped-android-chrome-512x512-1-192x192.png1672930221]
[stocks-netinstitutesltd.com/portal/privacy.html]
[embed.tawk.to/629ba360b0d10b6f3e75b4f5/1g4nvccp1.js]
[stocks-netinstitutesltd.com/portal/temp/js/jquery-3.5.1.min.js]
[stocks-netinstitutesltd.com/portal/temp/js/bootstrap.bundle.min.js]
[stocks-netinstitutesltd.com/portal/temp/js/owl.carousel.min.js]
[stocks-netinstitutesltd.com/portal/temp/js/owl.init.js]
[stocks-netinstitutesltd.com/portal/temp/js/feather.min.js]
[stocks-netinstitutesltd.com/portal/temp/js/bundle.80.delayed]
[stocks-netinstitutesltd.com/portal/temp/js/app.js]
[stocks-netinstitutesltd.com/portal/register.html]
[stocks-netinstitutesltd.com/portal/temp/js/widget.js]
[stocks-netinstitutesltd.com/portal/forgot-password.html]
[stocks-netinstitutesltd.com/portal/login.html]
[stocks-netinstitutesltd.com/wp-json/wp/v2/pages/104.json]
[stocks-netinstitutesltd.com/index94309430.html]
[stocks-netinstitutesltd.com/wp-json/oembed/1.0/embed1d021d02.json]
[stocks-netinstitutesltd.com/contact/index.html]
[stocks-netinstitutesltd.com/wp-json/wp/v2/pages/1167.json]
[stocks-netinstitutesltd.com/indexeab1eab1.html]
[stocks-netinstitutesltd.com/wp-json/oembed/1.0/embed88a688a6.json]
[stocks-netinstitutesltd.com/careers/communications-specialist/index.html]
[stocks-netinstitutesltd.com/careers/support-assistant/index.html]
[stocks-netinstitutesltd.com/careers/compliance-specialist/index.html]
[stocks-netinstitutesltd.com/careers/accounts-specialist/index.html]
[stocks-netinstitutesltd.com/careers/account-specialist-pt/index.html]
[stocks-netinstitutesltd.com/wp-includes/css/dashicons.min6a4d6a4d.css]
[stocks-netinstitutesltd.com/careers/index.html]
[stocks-netinstitutesltd.com/wp-json/wp/v2/pages/140.json]
[stocks-netinstitutesltd.com/index248a248a.html]
[stocks-netinstitutesltd.com/wp-json/oembed/1.0/embeda9cfa9cf.json]
[stocks-netinstitutesltd.com/terms-of-service/index.html]
[stocks-netinstitutesltd.com/wp-json/wp/v2/pages/3.json]
[stocks-netinstitutesltd.com/index22072207.html]
[stocks-netinstitutesltd.com/wp-json/oembed/1.0/embed85658565.json]
[stocks-netinstitutesltd.com/privacy-policy/index.html]
[stocks-netinstitutesltd.com/wp-json/wp/v2/pages/142.json]
[stocks-netinstitutesltd.com/indexee5bee5b.html]
[stocks-netinstitutesltd.com/wp-json/oembed/1.0/embed506e506e.json]
[stocks-netinstitutesltd.com/risk-disclosure/index.html]
[stocks-netinstitutesltd.com/_https_/en.wikipedia.org/wiki/Exchangeable_image_file_format/_.html]
[stocks-netinstitutesltd.com/indexb8c4b8c4.html]
[stocks-netinstitutesltd.com/wp-json/oembed/1.0/embed64be64be.html]
[stocks-netinstitutesltd.com/wp-json/wp/v2/pages/215.json]
[stocks-netinstitutesltd.com/indexd7c9d7c9.html]
[stocks-netinstitutesltd.com/wp-json/oembed/1.0/embedeb62eb62.json]
[stocks-netinstitutesltd.com/wp-content/plugins/woocommerce/assets/js/frontend/country-select.mincb57cb57.js]
[stocks-netinstitutesltd.com/wp-content/plugins/woocommerce/assets/js/frontend/address-i18n.mincb57cb57.js]
[stocks-netinstitutesltd.com/cart/index.html]
[stocks-netinstitutesltd.com/index3f5a3f5a.html]
[stocks-netinstitutesltd.com/wp-json/oembed/1.0/embed87298729.html]
[stocks-netinstitutesltd.com/about/portal/login.html]
[stocks-netinstitutesltd.com/about/portal/lgin.html]
[stocks-netinstitutesltd.com/index528a528a.html]
[stocks-netinstitutesltd.com/wp-json/oembed/1.0/embeda798a798.html]
[stocks-netinstitutesltd.com/indexc5ebc5eb.html]
[stocks-netinstitutesltd.com/wp-json/oembed/1.0/embeddc34dc34.html]
[stocks-netinstitutesltd.com/faq/portal/login.html]
[stocks-netinstitutesltd.com/wp-content/plugins/woocommerce/assets/js/frontend/cart.mincb57cb57.js]
[use.typekit.net/nwx6adv.css]
[stats.wp.com/s-202301.js]
[stocks-netinstitutesltd.com/portal/lon]
[stocks-netinstitutesltd.com/cart/index-2.html]
[ajax.googleapis.com/ajax/libs/jquery/1.9.0/jquery.min.js]
[cdn.jsdelivr.net/npm/slick-carousel@1.8.1/slick/slick.css]
[cdn.jsdelivr.net/npm/slick-carousel@1.8.1/slick/slick.min.js]
[static.klaviyo.com/onsite/js/klaviyoda18.js]
[stocks-netinstitutesltd.com/programs/quickstart/index.html]
[stats.wp.com/e-202301.js]
[stocks-netinstitutesltd.com/portal/temp/images/meta.db.delayed]
[stocks-netinstitutesltd.com/portal/temp/css/flexslider.css]
[stocks-netinstitutesltd.com/portal/temp/css/magnific-popup.css]
[stocks-netinstitutesltd.com/portal/temp/css/owl.carousel.min.css]
[stocks-netinstitutesltd.com/portal/temp/css/owl.theme.default.min.css]
[stocks-netinstitutesltd.com/portal/about.html]
[stocks-netinstitutesltd.com/portal/faq.html]
[stocks-netinstitutesltd.com/portal/contact.html]
[stocks-netinstitutesltd.com/portal/privacy.html]
[embed.tawk.to/629ba360b0d10b6f3e75b4f5/1g4nvccp1.js]
[stocks-netinstitutesltd.com/portal/forgot-password.html]
[stocks-netinstitutesltd.com/index94309430.html]
[stocks-netinstitutesltd.com/wp-json/oembed/1.0/embed9fff9fff.html]
[stocks-netinstitutesltd.com/indexeab1eab1.html]
[stocks-netinstitutesltd.com/wp-json/oembed/1.0/embed83318331.html]
[stocks-netinstitutesltd.com/portal/index.html]
[stocks-netinstitutesltd.com/indexd486d486.html]
[stocks-netinstitutesltd.com/wp-json/oembed/1.0/embed57355735.json]
[stocks-netinstitutesltd.com/careers/communications-specialist/index.html]
[stocks-netinstitutesltd.com/index80a980a9.html]
[stocks-netinstitutesltd.com/wp-json/oembed/1.0/embedd165d165.json]
[stocks-netinstitutesltd.com/careers/support-assistant/index.html]
[stocks-netinstitutesltd.com/index80808080.html]
[stocks-netinstitutesltd.com/wp-json/oembed/1.0/embedc0f8c0f8.json]
[stocks-netinstitutesltd.com/careers/compliance-specialist/index.html]
[stocks-netinstitutesltd.com/index80ec80ec.html]
[stocks-netinstitutesltd.com/wp-json/oembed/1.0/embeddc26dc26.json]
[stocks-netinstitutesltd.com/careers/accounts-specialist/index.html]
[stocks-netinstitutesltd.com/indexb615b615.html]
[stocks-netinstitutesltd.com/wp-json/oembed/1.0/embedd656d656.json]
[stocks-netinstitutesltd.com/careers/account-specialist-pt/index.html]
[stocks-netinstitutesltd.com/index248a248a.html]
[stocks-netinstitutesltd.com/wp-json/oembed/1.0/embedd329d329.html]
[stocks-netinstitutesltd.com/index22072207.html]
[stocks-netinstitutesltd.com/wp-json/oembed/1.0/embed515a515a.html]
[stocks-netinstitutesltd.com/indexee5bee5b.html]
[stocks-netinstitutesltd.com/wp-json/oembed/1.0/embed802f802f.html]
[stocks-netinstitutesltd.com/risk-disclosure/portal/login.html]
[stocks-netinstitutesltd.com/indexd7c9d7c9.html]
[stocks-netinstitutesltd.com/wp-json/oembed/1.0/embed93f793f7.html]
[stocks-netinstitutesltd.com/cart/portal/login.html]
[stocks-netinstitutesltd.com/programs/quickstart/wp-content/themes/stocknet/assets/img/favicon/site.html]
[stocks-netinstitutesltd.com/programs/quickstart/wp-json/index.html]
[stocks-netinstitutesltd.com/programs/quickstart/xmlrpc0db0.html]
[stocks-netinstitutesltd.com/programs/quickstart/programs/index.html]
[stocks-netinstitutesltd.com/programs/quickstart/programs/evolution/index.html]
[stocks-netinstitutesltd.com/programs/quickstart/about/index.html]
[stocks-netinstitutesltd.com/programs/quickstart/rules/index.html]
[stocks-netinstitutesltd.com/programs/quickstart/faq/index.html]
[stocks-netinstitutesltd.com/programs/quickstart/contact/index.html]
[stocks-netinstitutesltd.com/cart/index-2.html]
[stocks-netinstitutesltd.com/portal/lon.html]
[stocks-netinstitutesltd.com/programs/quickstart/careers/index.html]
[stocks-netinstitutesltd.com/programs/quickstart/terms-of-service/index.html]
[stocks-netinstitutesltd.com/programs/quickstart/privacy-policy/index.html]
[stocks-netinstitutesltd.com/programs/quickstart/risk-disclosure/index.html]
[cdnjs.cloudflare.com/ajax/libs/animate.css/4.1.1/animate.min.css')}}]
[stocks-netinstitutesltd.com/portal/storage/app/public/photos/iAwfKeabout.png]
[stocks-netinstitutesltd.com/portal/about.html]
[stocks-netinstitutesltd.com/portal/faq.html]
[stocks-netinstitutesltd.com/portal/contact.html]
[stocks-netinstitutesltd.com/portal/storage/app/public/photos/b9158Babout.jpg]
[stocks-netinstitutesltd.com/portal/temp/images/icon/key.svg]
[stocks-netinstitutesltd.com/portal/temp/images/icon/locked.svg]
[stocks-netinstitutesltd.com/portal/temp/images/app/phone.png]
[stocks-netinstitutesltd.com/portal/temp/images/app/laptop.png]
[stocks-netinstitutesltd.com/portal/storage/app/public/photos/SIu0JZ01.jpg1635329714]
[stocks-netinstitutesltd.com/portal/index.html]
[stocks-netinstitutesltd.com/indexd486d486.html]
[stocks-netinstitutesltd.com/wp-json/oembed/1.0/embeda787a787.html]
[stocks-netinstitutesltd.com/index80a980a9.html]
[stocks-netinstitutesltd.com/wp-json/oembed/1.0/embedff0dff0d.html]
[stocks-netinstitutesltd.com/index80808080.html]
[stocks-netinstitutesltd.com/wp-json/oembed/1.0/embed92e292e2.html]
[stocks-netinstitutesltd.com/index80ec80ec.html]
[stocks-netinstitutesltd.com/wp-json/oembed/1.0/embedf90df90d.html]
[stocks-netinstitutesltd.com/indexb615b615.html]
[stocks-netinstitutesltd.com/wp-json/oembed/1.0/embedc316c316.html]
[stocks-netinstitutesltd.com/careers/account-specialist-pt/portal/login.html]
[stocks-netinstitutesltd.com/portal/storage/app/public/photos/5EJXRd02.jpg1635329727]
[client.crisp.chat/l.js]
[stocks-netinstitutesltd.com/wp-content/themes/stocknet/assets/img/favicon/site.html]
[www.google.com/recaptcha/api.js]
[stocks-netinstitutesltd.com/use.typekit.net/nwx6adv.css]
[stocks-netinstitutesltd.com/wp-content/themes/stocknet/assets/img/myhub.svg]
[stocks-netinstitutesltd.com/wp-content/themes/stocknet/assets/img/cart.svg]
[stocks-netinstitutesltd.com/wp-content/themes/stocknet/assets/img/select.svg]
[stocks-netinstitutesltd.com/wp-content/themes/stocknet/assets/img/wave_hero.svg]
[stocks-netinstitutesltd.com/wp-content/themes/stocknet/assets/img/wave_footer.svg]
[stocks-netinstitutesltd.com/wp-content/themes/stocknet/assets/img/wave_footer_light.svg]
[stocks-netinstitutesltd.com/wp-content/themes/stocknet/assets/img/form-arrow.svg]
[stocks-netinstitutesltd.com/wp-content/themes/stocknet/assets/img/arrow_prev.svg]
[stocks-netinstitutesltd.com/wp-content/themes/stocknet/assets/img/arrow_next.svg]
[stocks-netinstitutesltd.com/wp-content/themes/stocknet/dist/css/main.minca2aca2a.css]
[stocks-netinstitutesltd.com/wp-content/themes/stocknet/assets/img/dropdown.svg]
[static.klaviyo.com/index.html]
[stocks-netinstitutesltd.com/wp-includes/js/mediaelement/mejs-controls.svg]
[stocks-netinstitutesltd.com/wp-includes/js/mediaelement/mediaelementplayer-legacy.min1f611f61.css]
[stocks-netinstitutesltd.com/wp-includes/js/mediaelement/wp-mediaelement.min6a4d6a4d.css]
[stocks-netinstitutesltd.com/wp-content/plugins/woocommerce/packages/woocommerce-blocks/build/wc-blocks-vendors-style1da81da8.css]
[stocks-netinstitutesltd.com/wp-content/plugins/woocommerce/packages/woocommerce-blocks/build/wc-blocks-style1da81da8.css]
[stocks-netinstitutesltd.com/wp-includes/css/classic-themes.min68b368b3.css]
[stocks-netinstitutesltd.com/wp-content/plugins/woocommerce/assets/css/woocommerce-layoutcb57cb57.css]
[stocks-netinstitutesltd.com/wp-content/plugins/woocommerce/assets/css/woocommerce-smallscreencb57cb57.css]
[stocks-netinstitutesltd.com/wp-content/plugins/woocommerce/assets/fonts/star.eot]
[stocks-netinstitutesltd.com/wp-content/plugins/woocommerce/assets/fonts/stard41dd41d.eot]
[stocks-netinstitutesltd.com/wp-content/plugins/woocommerce/assets/fonts/star.woff]
[stocks-netinstitutesltd.com/wp-content/plugins/woocommerce/assets/fonts/star.ttf]
[stocks-netinstitutesltd.com/wp-content/plugins/woocommerce/assets/fonts/star.svg]
[stocks-netinstitutesltd.com/wp-content/plugins/woocommerce/assets/fonts/WooCommerce.eot]
[stocks-netinstitutesltd.com/wp-content/plugins/woocommerce/assets/fonts/WooCommerced41dd41d.eot]
[stocks-netinstitutesltd.com/wp-content/plugins/woocommerce/assets/fonts/WooCommerce.woff]
[stocks-netinstitutesltd.com/wp-content/plugins/woocommerce/assets/fonts/WooCommerce.ttf]
[stocks-netinstitutesltd.com/wp-content/plugins/woocommerce/assets/fonts/WooCommerce.svg]
[stocks-netinstitutesltd.com/wp-content/plugins/woocommerce/assets/images/icons/credit-cards/visa.svg]
[stocks-netinstitutesltd.com/wp-content/plugins/woocommerce/assets/images/icons/credit-cards/mastercard.svg]
[stocks-netinstitutesltd.com/wp-content/plugins/woocommerce/assets/images/icons/credit-cards/laser.svg]
[stocks-netinstitutesltd.com/wp-content/plugins/woocommerce/assets/images/icons/credit-cards/diners.svg]
[stocks-netinstitutesltd.com/wp-content/plugins/woocommerce/assets/images/icons/credit-cards/maestro.svg]
[stocks-netinstitutesltd.com/wp-content/plugins/woocommerce/assets/images/icons/credit-cards/jcb.svg]
[stocks-netinstitutesltd.com/wp-content/plugins/woocommerce/assets/images/icons/credit-cards/amex.svg]
[stocks-netinstitutesltd.com/wp-content/plugins/woocommerce/assets/images/icons/credit-cards/discover.svg]
[stocks-netinstitutesltd.com/wp-content/plugins/woocommerce/assets/css/woocommercecb57cb57.css]
[stocks-netinstitutesltd.com/wp-content/plugins/jetpack/modules/shortcodes/img/slideshow-controls.png]
[stocks-netinstitutesltd.com/wp-content/plugins/jetpack/modules/shortcodes/img/slideshow-controls-2x.png]
[stocks-netinstitutesltd.com/wp-content/plugins/jetpack/modules/shortcodes/images/slide-nav.png]
[stocks-netinstitutesltd.com/wp-content/plugins/jetpack/modules/shortcodes/images/expand.png]
[stocks-netinstitutesltd.com/wp-content/plugins/jetpack/modules/shortcodes/images/collapse.png]
[stocks-netinstitutesltd.com/wp-content/plugins/jetpack/css/jetpacke528e528.css]
[stocks-netinstitutesltd.com/stats.wp.com/s-202301.html]
[secure.gravatar.com/images/grav-share-sprite-2x.png]
[stocks-netinstitutesltd.com/xmlrpc0db00db0.html]
[stocks-netinstitutesltd.com/wp-json/oembed/1.0/embedb82cb82c.html]
[wati-integration-service.clare.ai/ShopifyWidget/shopifyWidget3c96.html]
[stocks-netinstitutesltd.com/wp-content/themes/stocknet/assets/img/dots.svg]
[stocks-netinstitutesltd.com/wp-content/themes/stocknet/assets/img/trustpilot.svg]
[stocks-netinstitutesltd.com/wp-content/themes/stocknet/assets/img/stars.svg]
[stocks-netinstitutesltd.com/wp-content/plugins/gravityforms/images/spinner.svg]
[stocks-netinstitutesltd.com/cdn.jsdelivr.net/npm/slick-carousel@1.8.1/slick/slick.css]
[stocks-netinstitutesltd.com/static.klaviyo.com/onsite/js/klaviyoda18da18.html]
[stocks-netinstitutesltd.com/stats.wp.com/e-202301.html]
[stocks-netinstitutesltd.com/wp-json/oembed/1.0/embeda798a798.html]
[stocks-netinstitutesltd.com/wp-json/oembed/1.0/embeddc34dc34.html]
[stocks-netinstitutesltd.com/portal/temp/css/bootstrap.min.css]
[stocks-netinstitutesltd.com/portal/temp/fonts/materialdesignicons-webfonte910e910.eot]
[stocks-netinstitutesltd.com/portal/temp/fonts/materialdesignicons-webfontd41dd41d.eot]
[stocks-netinstitutesltd.com/portal/temp/fonts/materialdesignicons-webfonte910.131e910.delayed]
[stocks-netinstitutesltd.com/portal/temp/fonts/materialdesignicons-webfonte910e910.woff]
[stocks-netinstitutesltd.com/portal/temp/fonts/materialdesignicons-webfonte910-2.133e910.delayed]
[stocks-netinstitutesltd.com/portal/temp/css/materialdesignicons.min.css]
[stocks-netinstitutesltd.com/portal/temp/css/line.css]
[stocks-netinstitutesltd.com/portal/temp/images/task/bg.png]
[stocks-netinstitutesltd.com/portal/temp/images/process.png]
[stocks-netinstitutesltd.com/portal/temp/css/style.css]
[stocks-netinstitutesltd.com/portal/temp/css/colors/default.css]
[www.w3schools.com/w3css/4/w3.css]
[stocks-netinstitutesltd.com/portal/temp/js/bundle.html]
[stocks-netinstitutesltd.com/portal/forgot-password.html]
[stocks-netinstitutesltd.com/index94309430.html]
[stocks-netinstitutesltd.com/www.google.com/recaptcha/apieee6eee6.html]
[stocks-netinstitutesltd.com/wp-includes/fonts/dashicons7d4b7d4b.eot]
[stocks-netinstitutesltd.com/wp-includes/css/dashicons.min6a4d6a4d.css]
[stocks-netinstitutesltd.com/wp-includes/fonts/dashicons7d4b7d4b.ttf]
[stocks-netinstitutesltd.com/index248a248a.html]
[stocks-netinstitutesltd.com/wp-json/oembed/1.0/embedd329d329.html]
[stocks-netinstitutesltd.com/wp-json/oembed/1.0/embed515a515a.html]
[stocks-netinstitutesltd.com/wp-json/oembed/1.0/embed802f802f.html]
[stocks-netinstitutesltd.com/indexd7c9d7c9.html]
[stocks-netinstitutesltd.com/programs/quickstart/wp-content/themes/stocknet/assets/img/favicon/apple-touch-icon.html]
[stocks-netinstitutesltd.com/programs/quickstart/wp-content/themes/stocknet/assets/img/favicon/favicon-32x32.html]
[stocks-netinstitutesltd.com/programs/quickstart/wp-content/themes/stocknet/assets/img/favicon/favicon-16x16.html]
[stocks-netinstitutesltd.com/programs/quickstart/wp-content/themes/stocknet/favicon.html]
[use.typekit.net/af/070c63/00000000000000007735fdb6/30/l3eab]
[use.typekit.net/af/070c63/00000000000000007735fdb6/30/d3eab]
[use.typekit.net/af/070c63/00000000000000007735fdb6/30/a3eab]
[use.typekit.net/af/f2b266/00000000000000007735fdb4/30/l0b8e]
[use.typekit.net/af/070c63/00000000000000007735fdb6/30/d3eab]
[use.typekit.net/af/070c63/00000000000000007735fdb6/30/a3eab]
[use.typekit.net/af/f2b266/00000000000000007735fdb4/30/d0b8e]
[use.typekit.net/af/f2b266/00000000000000007735fdb4/30/a0b8e]
[use.typekit.net/af/bf384f/00000000000000007735fdb7/30/l7188]
[use.typekit.net/af/f2b266/00000000000000007735fdb4/30/d0b8e]
[use.typekit.net/af/f2b266/00000000000000007735fdb4/30/a0b8e]
[use.typekit.net/af/bf384f/00000000000000007735fdb7/30/d7188]
[use.typekit.net/af/bf384f/00000000000000007735fdb7/30/a7188]
[use.typekit.net/af/21f608/00000000000000007735fdb2/30/le54d]
[use.typekit.net/af/bf384f/00000000000000007735fdb7/30/d7188]
[use.typekit.net/af/bf384f/00000000000000007735fdb7/30/a7188]
[use.typekit.net/af/21f608/00000000000000007735fdb2/30/de54d]
[use.typekit.net/nwx6adv.css]
[use.typekit.net/af/21f608/00000000000000007735fdb2/30/ae54d]
[stocks-netinstitutesltd.com/programs/quickstart/wp-content/themes/stocknet/dist/css/main.minca2a.html]
[stocks-netinstitutesltd.com/programs/quickstart/wp-includes/js/mediaelement/mediaelementplayer-legacy.min1f61.html]
[stocks-netinstitutesltd.com/programs/quickstart/wp-includes/js/mediaelement/wp-mediaelement.min6a4d.html]
[stocks-netinstitutesltd.com/programs/quickstart/wp-content/plugins/woocommerce/packages/woocommerce-blocks/build/wc-blocks-vendors-style1da8.html]
[stocks-netinstitutesltd.com/programs/quickstart/wp-content/plugins/woocommerce/packages/woocommerce-blocks/build/wc-blocks-style1da8.html]
[stocks-netinstitutesltd.com/programs/quickstart/wp-includes/css/classic-themes.min68b3.html]
[stocks-netinstitutesltd.com/programs/quickstart/wp-content/plugins/woocommerce/assets/css/woocommerce-layoutcb57.html]
[stocks-netinstitutesltd.com/programs/quickstart/wp-content/plugins/woocommerce/assets/css/woocommerce-smallscreencb57.html]
[stocks-netinstitutesltd.com/programs/quickstart/wp-content/plugins/woocommerce/assets/css/woocommercecb57.html]
[stocks-netinstitutesltd.com/programs/quickstart/wp-content/plugins/jetpack/css/jetpacke528.html]
[stocks-netinstitutesltd.com/programs/quickstart/wp-includes/js/jquery/jquery.mina7a0.html]
[stocks-netinstitutesltd.com/programs/quickstart/wp-includes/js/jquery/jquery-migrate.mind617.html]
[use.typekit.net/af/21f608/00000000000000007735fdb2/30/de54d]
[use.typekit.net/af/21f608/00000000000000007735fdb2/30/ae54d]
[stocks-netinstitutesltd.com/programs/quickstart/wp-json/index.html]
[stocks-netinstitutesltd.com/programs/quickstart/wp-includes/wlwmanifest.html]
[stocks-netinstitutesltd.com/programs/quickstart/wp-content/uploads/2022/10/cropped-android-chrome-512x512-1-32x32.html]
[stocks-netinstitutesltd.com/programs/quickstart/wp-content/uploads/2022/10/cropped-android-chrome-512x512-1-192x192.html]
[stocks-netinstitutesltd.com/programs/quickstart/wp-content/uploads/2022/10/cropped-android-chrome-512x512-1-180x180.html]
[stocks-netinstitutesltd.com/programs/quickstart/wp-content/uploads/2023/01/SiLogo.html]
[stocks-netinstitutesltd.com/programs/quickstart/wp-content/plugins/gravityforms/images/spinner.html]
[cdn.jsdelivr.net/npm/slick-carousel@1.8.1/slick/slick.css]
[stocks-netinstitutesltd.com/programs/quickstart/wp-content/themes/stocknet/dist/js/waypoints.min.html]
[stocks-netinstitutesltd.com/programs/quickstart/wp-content/themes/stocknet/dist/js/global.minb168.html]
[stocks-netinstitutesltd.com/programs/quickstart/wp-content/plugins/woocommerce/assets/js/jquery-blockui/jquery.blockUI.min8bd8.html]
[stocks-netinstitutesltd.com/programs/quickstart/wp-content/plugins/woocommerce/assets/js/frontend/add-to-cart.mincb57.html]
[stocks-netinstitutesltd.com/programs/quickstart/wp-content/plugins/woocommerce/assets/js/js-cookie/js.cookie.min5f13.html]
[stocks-netinstitutesltd.com/programs/quickstart/wp-content/plugins/woocommerce/assets/js/frontend/woocommerce.mincb57.html]
[stocks-netinstitutesltd.com/programs/quickstart/wp-content/plugins/woocommerce/assets/js/frontend/cart-fragments.mincb57.html]
[stocks-netinstitutesltd.com/programs/quickstart/wp-content/plugins/klaviyo/inc/js/kl-identify-browser.html]
[stocks-netinstitutesltd.com/programs/quickstart/wp-includes/js/dist/vendor/regenerator-runtime.min3937.html]
[stocks-netinstitutesltd.com/programs/quickstart/wp-includes/js/dist/vendor/wp-polyfill.min2c7c.html]
[stocks-netinstitutesltd.com/programs/quickstart/wp-includes/js/dist/dom-ready.minded6.html]
[stocks-netinstitutesltd.com/programs/quickstart/wp-includes/js/dist/hooks.min6c65.html]
[stocks-netinstitutesltd.com/programs/quickstart/wp-includes/js/dist/i18n.mine57b.html]
[stocks-netinstitutesltd.com/programs/quickstart/wp-includes/js/dist/a11y.min65c7.html]
[stocks-netinstitutesltd.com/programs/quickstart/wp-content/plugins/gravityforms/js/jquery.json.min91ac.html]
[stocks-netinstitutesltd.com/programs/quickstart/wp-content/plugins/gravityforms/js/gravityforms.min91ac.html]
[stocks-netinstitutesltd.com/programs/quickstart/wp-content/plugins/gravityforms/js/placeholders.jquery.min91ac.html]
[stocks-netinstitutesltd.com/portal/temp/images/meta.html]
[stocks-netinstitutesltd.com/portal/temp/fonts/flexslider-icon.145.delayed]
[ajax.googleapis.com/ajax/libs/jquery/1.9.0/jquery.min.js]
[stocks-netinstitutesltd.com/portal/temp/fonts/flexslider-icond41dd41d.html]
[stocks-netinstitutesltd.com/portal/temp/fonts/flexslider-icon-2.html]
[stocks-netinstitutesltd.com/portal/temp/fonts/flexslider-icon-3.html]
[stocks-netinstitutesltd.com/portal/temp/fonts/flexslider-icon-4.html]
[stocks-netinstitutesltd.com/portal/temp/css/flexslider.css]
[stocks-netinstitutesltd.com/portal/temp/css/magnific-popup.css]
[stocks-netinstitutesltd.com/portal/temp/css/owl.video.play.html]
[stocks-netinstitutesltd.com/portal/temp/css/owl.carousel.min.css]
[stocks-netinstitutesltd.com/portal/temp/css/owl.theme.default.min.css]
[stocks-netinstitutesltd.com/wp-json/oembed/1.0/embed92e292e2.html]
[stocks-netinstitutesltd.com/wp-json/oembed/1.0/embedf90df90d.html]
[stocks-netinstitutesltd.com/wp-json/oembed/1.0/embedc316c316.html]
[stocks-netinstitutesltd.com/portal/temp/images/icon/key.svg]
[stocks-netinstitutesltd.com/portal/temp/images/icon/locked.svg]
[stocks-netinstitutesltd.com/p.typekit.net/p3ef03ef0.css]
[stocks-netinstitutesltd.com/use.typekit.net/af/070c63/00000000000000007735fdb6/30/l3eab3eab.html]
[stocks-netinstitutesltd.com/use.typekit.net/af/070c63/00000000000000007735fdb6/30/d3eab3eab.html]
[stocks-netinstitutesltd.com/use.typekit.net/af/070c63/00000000000000007735fdb6/30/a3eab3eab.html]
[stocks-netinstitutesltd.com/use.typekit.net/af/f2b266/00000000000000007735fdb4/30/l0b8e0b8e.html]
[stocks-netinstitutesltd.com/use.typekit.net/af/f2b266/00000000000000007735fdb4/30/d0b8e0b8e.html]
[stocks-netinstitutesltd.com/use.typekit.net/af/f2b266/00000000000000007735fdb4/30/a0b8e0b8e.html]
[stocks-netinstitutesltd.com/use.typekit.net/af/bf384f/00000000000000007735fdb7/30/l71887188.html]
[stocks-netinstitutesltd.com/use.typekit.net/af/bf384f/00000000000000007735fdb7/30/d71887188.html]
[stocks-netinstitutesltd.com/use.typekit.net/af/bf384f/00000000000000007735fdb7/30/a71887188.html]
[stocks-netinstitutesltd.com/use.typekit.net/af/21f608/00000000000000007735fdb2/30/le54de54d.html]
[stocks-netinstitutesltd.com/use.typekit.net/af/21f608/00000000000000007735fdb2/30/de54de54d.html]
[stocks-netinstitutesltd.com/use.typekit.net/af/21f608/00000000000000007735fdb2/30/ae54de54d.html]
[stocks-netinstitutesltd.com/wp-content/themes/stocknet/assets/img/myhub.svg]
[stocks-netinstitutesltd.com/wp-content/themes/stocknet/assets/img/cart.svg]
[stocks-netinstitutesltd.com/wp-content/themes/stocknet/assets/img/select.svg]
[stocks-netinstitutesltd.com/wp-content/themes/stocknet/assets/img/wave_hero.svg]
[stocks-netinstitutesltd.com/wp-content/themes/stocknet/assets/img/wave_footer.svg]
[stocks-netinstitutesltd.com/wp-content/themes/stocknet/assets/img/wave_footer_light.svg]
[stocks-netinstitutesltd.com/wp-content/themes/stocknet/assets/img/form-arrow.svg]
[stocks-netinstitutesltd.com/wp-content/themes/stocknet/assets/img/arrow_prev.svg]
[stocks-netinstitutesltd.com/wp-content/themes/stocknet/assets/img/arrow_next.svg]
[stocks-netinstitutesltd.com/wp-content/themes/stocknet/assets/img/dropdown.svg]
[stocks-netinstitutesltd.com/wp-includes/js/mediaelement/mejs-controls.svg]
[stocks-netinstitutesltd.com/wp-content/plugins/woocommerce/assets/fonts/star.svg]
[stocks-netinstitutesltd.com/wp-content/plugins/woocommerce/assets/fonts/WooCommerce.svg]
[stocks-netinstitutesltd.com/wp-content/plugins/woocommerce/assets/images/icons/loader.svg]
[stocks-netinstitutesltd.com/wp-content/plugins/woocommerce/assets/images/icons/credit-cards/visa.svg]
[stocks-netinstitutesltd.com/wp-content/plugins/woocommerce/assets/images/icons/credit-cards/mastercard.svg]
[stocks-netinstitutesltd.com/wp-content/plugins/woocommerce/assets/images/icons/credit-cards/laser.svg]
[stocks-netinstitutesltd.com/wp-content/plugins/woocommerce/assets/images/icons/credit-cards/diners.svg]
[stocks-netinstitutesltd.com/wp-content/plugins/woocommerce/assets/images/icons/credit-cards/maestro.svg]
[stocks-netinstitutesltd.com/wp-content/plugins/woocommerce/assets/images/icons/credit-cards/jcb.svg]
[stocks-netinstitutesltd.com/wp-content/plugins/woocommerce/assets/images/icons/credit-cards/amex.svg]
[stocks-netinstitutesltd.com/wp-content/plugins/woocommerce/assets/images/icons/credit-cards/discover.svg]
[stocks-netinstitutesltd.com/secure.gravatar.com/images/grav-share-sprite.html]
[stocks-netinstitutesltd.com/portal/temp/fonts/materialdesignicons-webfonte910e910.html]
[stocks-netinstitutesltd.com/portal/temp/fonts/materialdesignicons-webfonte910-2e910.html]
[stocks-netinstitutesltd.com/portal/temp/images/task/bg.html]
[stocks-netinstitutesltd.com/portal/temp/images/process.html]
[p.typekit.net/p3ef0.css]
[stocks-netinstitutesltd.com/portal/storage/app/public/photos/5EJXRd02.jpg1635329727]
[stocks-netinstitutesltd.com/portal/temp/fonts/flexslider-icon.html]
[stocks-netinstitutesltd.com/portal/temp/fonts/flexslider-icond41dd41d.html]
[stocks-netinstitutesltd.com/portal/temp/fonts/flexslider-icon-2.html]
[stocks-netinstitutesltd.com/portal/temp/fonts/flexslider-icon-3.html]
[stocks-netinstitutesltd.com/portal/temp/fonts/flexslider-icon-4.html]
[stocks-netinstitutesltd.com/portal/temp/css/owl.video.play.html]
